2022.08.19 12:30:26 INFO  tracing is disabled for protocol LSP, to enable tracing of incoming and outgoing JSON messages create an empty file at /Users/janikdotzel/projects/akka-platform-shopping-cart/.metals/lsp.trace.json or /Users/janikdotzel/Library/Caches/org.scalameta.metals/lsp.trace.json[0m
2022.08.19 12:30:27 INFO  logging to file /Users/janikdotzel/projects/akka-platform-shopping-cart/.metals/metals.log[0m
2022.08.19 12:30:27 INFO  Started: Metals version 0.11.8 in workspace '/Users/janikdotzel/projects/akka-platform-shopping-cart' for client Visual Studio Code 1.70.1.[0m
2022.08.19 12:30:28 WARN  Flyway upgrade recommended: H2 2.1.214 is newer than this version of Flyway and support has not been tested. The latest supported version of H2 is 2.1.210.[0m
2022.08.19 12:30:29 INFO  time: initialize in 1.79s[0m
2022.08.19 12:30:36 WARN  Build server is not auto-connectable.[0m
2022.08.19 12:30:36 WARN  no build tool detected in workspace '/Users/janikdotzel/projects/akka-platform-shopping-cart'. The most common cause for this problem is that the editor was opened in the wrong working directory, for example if you use sbt then the workspace directory should contain build.sbt. [0m
2022.08.19 12:30:36 WARN  no build target for: /Users/janikdotzel/projects/akka-platform-shopping-cart/shopping-cart-service/src/main/scala/shopping/cart/ShoppingCart.scala[0m
2022.08.19 12:30:45 INFO  no build target found for /Users/janikdotzel/projects/akka-platform-shopping-cart/shopping-cart-service/src/main/scala/shopping/cart/ShoppingCart.scala. Using presentation compiler with project's scala-library version: 3.1.3[0m
2022.08.19 12:30:51 INFO  time: code lens generation in 14s[0m
2022.08.19 12:30:51 INFO  time: code lens generation in 5.59s[0m
Aug 19, 2022 1:21:08 PM scala.meta.internal.pc.CompilerAccess handleError
SEVERE: class dotty.tools.dotc.core.Symbols$NoSymbol$ cannot be cast to class dotty.tools.dotc.core.Symbols$ClassSymbol (dotty.tools.dotc.core.Symbols$NoSymbol$ and dotty.tools.dotc.core.Symbols$ClassSymbol are in unnamed module of loader java.net.URLClassLoader @dfb5273)
java.lang.ClassCastException: class dotty.tools.dotc.core.Symbols$NoSymbol$ cannot be cast to class dotty.tools.dotc.core.Symbols$ClassSymbol (dotty.tools.dotc.core.Symbols$NoSymbol$ and dotty.tools.dotc.core.Symbols$ClassSymbol are in unnamed module of loader java.net.URLClassLoader @dfb5273)
	at dotty.tools.dotc.core.Symbols$Symbol.asClass(Symbols.scala:178)
	at scala.meta.internal.pc.MetalsInteractive$.enclosingSymbolsWithExpressionType(MetalsInteractive.scala:194)
	at scala.meta.internal.pc.HoverProvider$.hover(HoverProvider.scala:80)

Aug 19, 2022 1:21:10 PM scala.meta.internal.pc.CompilerAccess handleError
SEVERE: class dotty.tools.dotc.core.Symbols$NoSymbol$ cannot be cast to class dotty.tools.dotc.core.Symbols$ClassSymbol (dotty.tools.dotc.core.Symbols$NoSymbol$ and dotty.tools.dotc.core.Symbols$ClassSymbol are in unnamed module of loader java.net.URLClassLoader @dfb5273)
java.lang.ClassCastException: class dotty.tools.dotc.core.Symbols$NoSymbol$ cannot be cast to class dotty.tools.dotc.core.Symbols$ClassSymbol (dotty.tools.dotc.core.Symbols$NoSymbol$ and dotty.tools.dotc.core.Symbols$ClassSymbol are in unnamed module of loader java.net.URLClassLoader @dfb5273)
	at dotty.tools.dotc.core.Symbols$Symbol.asClass(Symbols.scala:178)
	at scala.meta.internal.pc.MetalsInteractive$.enclosingSymbolsWithExpressionType(MetalsInteractive.scala:194)
	at scala.meta.internal.pc.HoverProvider$.hover(HoverProvider.scala:80)

2022.08.19 13:43:27 WARN  no build target for: /Users/janikdotzel/projects/akka-platform-shopping-cart/shopping-cart-service/src/main/scala/shopping/cart/ItemPopularityProjection.scala[0m
Aug 19, 2022 1:43:28 PM org.eclipse.lsp4j.jsonrpc.RemoteEndpoint fallbackResponseError
SEVERE: Internal error: java.lang.ArrayIndexOutOfBoundsException: Index 1960 out of bounds for length 1960
java.util.concurrent.CompletionException: java.lang.ArrayIndexOutOfBoundsException: Index 1960 out of bounds for length 1960
	at java.base/java.util.concurrent.CompletableFuture.encodeThrowable(CompletableFuture.java:331)
	at java.base/java.util.concurrent.CompletableFuture.completeThrowable(CompletableFuture.java:346)
	at java.base/java.util.concurrent.CompletableFuture$UniAccept.tryFire(CompletableFuture.java:704)
	at java.base/java.util.concurrent.CompletableFuture.postComplete(CompletableFuture.java:506)
	at java.base/java.util.concurrent.CompletableFuture.completeExceptionally(CompletableFuture.java:2088)
	at scala.meta.internal.metals.CancelTokens$.$anonfun$future$1(CancelTokens.scala:40)
	at scala.meta.internal.metals.CancelTokens$.$anonfun$future$1$adapted(CancelTokens.scala:38)
	at scala.concurrent.impl.Promise$Transformation.run(Promise.scala:484)
	at java.base/java.util.concurrent.ThreadPoolExecutor.runWorker(ThreadPoolExecutor.java:1128)
	at java.base/java.util.concurrent.ThreadPoolExecutor$Worker.run(ThreadPoolExecutor.java:628)
	at java.base/java.lang.Thread.run(Thread.java:829)
Caused by: java.lang.ArrayIndexOutOfBoundsException: Index 1960 out of bounds for length 1960
	at scala.meta.internal.parsing.FoldingRangeExtractor$Foldable$.isScala3BlockWithoutOptionalBraces(FoldingRangeExtractor.scala:248)
	at scala.meta.internal.parsing.FoldingRangeExtractor$Foldable$.unapply(FoldingRangeExtractor.scala:199)
	at scala.meta.internal.parsing.FoldingRangeExtractor.extractFrom(FoldingRangeExtractor.scala:36)
	at scala.meta.internal.parsing.FoldingRangeExtractor.$anonfun$extractFrom$2(FoldingRangeExtractor.scala:56)
	at scala.meta.internal.parsing.FoldingRangeExtractor.$anonfun$extractFrom$2$adapted(FoldingRangeExtractor.scala:51)
	at scala.collection.immutable.List.foreach(List.scala:333)
	at scala.meta.internal.parsing.FoldingRangeExtractor.extractFrom(FoldingRangeExtractor.scala:51)
	at scala.meta.internal.parsing.FoldingRangeExtractor.$anonfun$extractFrom$2(FoldingRangeExtractor.scala:56)
	at scala.meta.internal.parsing.FoldingRangeExtractor.$anonfun$extractFrom$2$adapted(FoldingRangeExtractor.scala:51)
	at scala.collection.immutable.List.foreach(List.scala:333)
	at scala.meta.internal.parsing.FoldingRangeExtractor.extractFrom(FoldingRangeExtractor.scala:51)
	at scala.meta.internal.parsing.FoldingRangeExtractor.$anonfun$extractFrom$2(FoldingRangeExtractor.scala:56)
	at scala.meta.internal.parsing.FoldingRangeExtractor.$anonfun$extractFrom$2$adapted(FoldingRangeExtractor.scala:51)
	at scala.collection.immutable.List.foreach(List.scala:333)
	at scala.meta.internal.parsing.FoldingRangeExtractor.extractFrom(FoldingRangeExtractor.scala:51)
	at scala.meta.internal.parsing.FoldingRangeExtractor.extract(FoldingRangeExtractor.scala:29)
	at scala.meta.internal.parsing.FoldingRangeProvider.$anonfun$getRangedForScala$3(FoldingRangeProvider.scala:40)
	at scala.Option.map(Option.scala:242)
	at scala.meta.internal.parsing.FoldingRangeProvider.$anonfun$getRangedForScala$2(FoldingRangeProvider.scala:33)
	at scala.Option$WithFilter.flatMap(Option.scala:283)
	at scala.meta.internal.parsing.FoldingRangeProvider.getRangedForScala(FoldingRangeProvider.scala:31)
	at scala.meta.internal.metals.MetalsLanguageServer.$anonfun$foldingRange$2(MetalsLanguageServer.scala:1705)
	at scala.concurrent.impl.Promise$Transformation.run(Promise.scala:467)
	... 3 more

2022.08.19 13:43:29 WARN  no build target for: /Users/janikdotzel/projects/akka-platform-shopping-cart/shopping-cart-service/src/main/scala/shopping/cart/SendOrderProjection.scala[0m
2022.08.19 13:43:30 WARN  no build target for: /Users/janikdotzel/projects/akka-platform-shopping-cart/shopping-cart-service/src/main/scala/shopping/cart/ShoppingCartServer.scala[0m
2022.08.19 13:43:31 WARN  no build target for: /Users/janikdotzel/projects/akka-platform-shopping-cart/shopping-cart-service/src/main/scala/shopping/cart/ShoppingCart.scala[0m
2022.08.19 17:27:46 INFO  shutting down Metals[0m
2022.08.19 17:52:52 INFO  tracing is disabled for protocol LSP, to enable tracing of incoming and outgoing JSON messages create an empty file at /Users/janikdotzel/projects/akka-platform-shopping-cart/.metals/lsp.trace.json or /Users/janikdotzel/Library/Caches/org.scalameta.metals/lsp.trace.json
2022.08.19 17:52:54 INFO  logging to file /Users/janikdotzel/projects/akka-platform-shopping-cart/.metals/metals.log
2022.08.19 17:52:54 INFO  Started: Metals version 0.11.8 in workspace '/Users/janikdotzel/projects/akka-platform-shopping-cart' for client Visual Studio Code 1.70.2.
2022.08.19 17:52:56 WARN  Flyway upgrade recommended: H2 2.1.214 is newer than this version of Flyway and support has not been tested. The latest supported version of H2 is 2.1.210.
2022.08.19 17:52:57 INFO  time: initialize in 2.64s
2022.08.19 17:53:05 WARN  Build server is not auto-connectable.
2022.08.19 17:53:05 WARN  no build tool detected in workspace '/Users/janikdotzel/projects/akka-platform-shopping-cart'. The most common cause for this problem is that the editor was opened in the wrong working directory, for example if you use sbt then the workspace directory should contain build.sbt. 
2022.08.19 17:53:05 WARN  no build target for: /Users/janikdotzel/projects/akka-platform-shopping-cart/shopping-cart-service/src/main/scala/shopping/cart/ShoppingCart.scala
2022.08.19 17:53:12 INFO  no build target found for /Users/janikdotzel/projects/akka-platform-shopping-cart/shopping-cart-service/src/main/scala/shopping/cart/ShoppingCart.scala. Using presentation compiler with project's scala-library version: 3.1.3
2022.08.19 17:53:17 INFO  time: code lens generation in 12s
Aug 20, 2022 11:42:44 AM scala.meta.internal.pc.CompilerAccess handleError
SEVERE: class dotty.tools.dotc.core.Symbols$NoSymbol$ cannot be cast to class dotty.tools.dotc.core.Symbols$ClassSymbol (dotty.tools.dotc.core.Symbols$NoSymbol$ and dotty.tools.dotc.core.Symbols$ClassSymbol are in unnamed module of loader java.net.URLClassLoader @396b44f4)
java.lang.ClassCastException: class dotty.tools.dotc.core.Symbols$NoSymbol$ cannot be cast to class dotty.tools.dotc.core.Symbols$ClassSymbol (dotty.tools.dotc.core.Symbols$NoSymbol$ and dotty.tools.dotc.core.Symbols$ClassSymbol are in unnamed module of loader java.net.URLClassLoader @396b44f4)
	at dotty.tools.dotc.core.Symbols$Symbol.asClass(Symbols.scala:178)
	at scala.meta.internal.pc.MetalsInteractive$.enclosingSymbolsWithExpressionType(MetalsInteractive.scala:194)
	at scala.meta.internal.pc.HoverProvider$.hover(HoverProvider.scala:80)

Aug 20, 2022 11:42:46 AM scala.meta.internal.pc.CompilerAccess handleError
SEVERE: class dotty.tools.dotc.core.Symbols$NoSymbol$ cannot be cast to class dotty.tools.dotc.core.Symbols$ClassSymbol (dotty.tools.dotc.core.Symbols$NoSymbol$ and dotty.tools.dotc.core.Symbols$ClassSymbol are in unnamed module of loader java.net.URLClassLoader @396b44f4)
java.lang.ClassCastException: class dotty.tools.dotc.core.Symbols$NoSymbol$ cannot be cast to class dotty.tools.dotc.core.Symbols$ClassSymbol (dotty.tools.dotc.core.Symbols$NoSymbol$ and dotty.tools.dotc.core.Symbols$ClassSymbol are in unnamed module of loader java.net.URLClassLoader @396b44f4)
	at dotty.tools.dotc.core.Symbols$Symbol.asClass(Symbols.scala:178)
	at scala.meta.internal.pc.MetalsInteractive$.enclosingSymbolsWithExpressionType(MetalsInteractive.scala:194)
	at scala.meta.internal.pc.HoverProvider$.hover(HoverProvider.scala:80)

Aug 20, 2022 11:42:47 AM scala.meta.internal.pc.CompilerAccess handleError
SEVERE: class dotty.tools.dotc.core.Symbols$NoSymbol$ cannot be cast to class dotty.tools.dotc.core.Symbols$ClassSymbol (dotty.tools.dotc.core.Symbols$NoSymbol$ and dotty.tools.dotc.core.Symbols$ClassSymbol are in unnamed module of loader java.net.URLClassLoader @396b44f4)
java.lang.ClassCastException: class dotty.tools.dotc.core.Symbols$NoSymbol$ cannot be cast to class dotty.tools.dotc.core.Symbols$ClassSymbol (dotty.tools.dotc.core.Symbols$NoSymbol$ and dotty.tools.dotc.core.Symbols$ClassSymbol are in unnamed module of loader java.net.URLClassLoader @396b44f4)
	at dotty.tools.dotc.core.Symbols$Symbol.asClass(Symbols.scala:178)
	at scala.meta.internal.pc.MetalsInteractive$.enclosingSymbolsWithExpressionType(MetalsInteractive.scala:194)
	at scala.meta.internal.pc.HoverProvider$.hover(HoverProvider.scala:80)

2022.08.20 13:01:26 INFO  shutting down Metals
